<?xml version="1.0" encoding="UTF-8"?>
<!-- Generated by org.testng.reporters.JUnitXMLReporter -->
<testsuite hostname="DESKTOP-5E4DV9G" ignored="0" name="TC_Add_Arrays_to_Tenant" tests="4" failures="0" timestamp="20 Feb 2019 02:04:36 GMT" time="4.563" errors="0">
  <testcase name="add_tenant" time="2.671" classname="TS_Tenants.TC_Add_Arrays_to_Tenant"/>
  <testcase name="verify_add_Arrays_To_Tenant" time="0.594" classname="TS_Tenants.TC_Add_Arrays_to_Tenant"/>
  <testcase name="delete_array_for_tenant" time="0.633" classname="TS_Tenants.TC_Add_Arrays_to_Tenant"/>
  <testcase name="delete_tenant" time="0.665" classname="TS_Tenants.TC_Add_Arrays_to_Tenant"/>
</testsuite> <!-- TC_Add_Arrays_to_Tenant -->
