<?xml version="1.0" encoding="UTF-8"?>
<testng-results skipped="0" failed="0" ignored="0" total="14" passed="14">
  <reporter-output>
  </reporter-output>
  <suite name="TS_Tenants" duration-ms="9186" started-at="2019-02-20T01:47:33Z" finished-at="2019-02-20T01:47:43Z">
    <groups>
    </groups>
    <test name="TC_Add_Tenant" duration-ms="4029" started-at="2019-02-20T01:47:33Z" finished-at="2019-02-20T01:47:37Z">
      <class name="TS_Tenants.TC_Add_Tenant">
        <test-method status="PASS" signature="add_tenant()[pri:1, instance:TS_Tenants.TC_Add_Tenant@3fee9989]" name="add_tenant" duration-ms="3317" started-at="2019-02-20T01:47:33Z" finished-at="2019-02-20T01:47:37Z">
          <reporter-output>
          </reporter-output>
        </test-method> <!-- add_tenant -->
        <test-method status="PASS" signature="delete_tenant()[pri:2, instance:TS_Tenants.TC_Add_Tenant@3fee9989]" name="delete_tenant" duration-ms="669" started-at="2019-02-20T01:47:37Z" finished-at="2019-02-20T01:47:37Z">
          <reporter-output>
          </reporter-output>
        </test-method> <!-- delete_tenant -->
      </class> <!-- TS_Tenants.TC_Add_Tenant -->
    </test> <!-- TC_Add_Tenant -->
    <test name="TC_Add_Arrays_to_Tenant" duration-ms="4497" started-at="2019-02-20T01:47:37Z" finished-at="2019-02-20T01:47:42Z">
      <class name="TS_Tenants.TC_Add_Arrays_to_Tenant">
        <test-method status="PASS" signature="add_tenant()[pri:1, instance:TS_Tenants.TC_Add_Arrays_to_Tenant@55d56113]" name="add_tenant" duration-ms="2667" started-at="2019-02-20T01:47:38Z" finished-at="2019-02-20T01:47:40Z">
          <reporter-output>
          </reporter-output>
        </test-method> <!-- add_tenant -->
        <test-method status="PASS" signature="verify_add_Arrays_To_Tenant()[pri:2, instance:TS_Tenants.TC_Add_Arrays_to_Tenant@55d56113]" name="verify_add_Arrays_To_Tenant" duration-ms="567" started-at="2019-02-20T01:47:40Z" finished-at="2019-02-20T01:47:41Z">
          <reporter-output>
          </reporter-output>
        </test-method> <!-- verify_add_Arrays_To_Tenant -->
        <test-method status="PASS" signature="delete_array_for_tenant()[pri:3, instance:TS_Tenants.TC_Add_Arrays_to_Tenant@55d56113]" name="delete_array_for_tenant" duration-ms="612" started-at="2019-02-20T01:47:41Z" finished-at="2019-02-20T01:47:41Z">
          <reporter-output>
          </reporter-output>
        </test-method> <!-- delete_array_for_tenant -->
        <test-method status="PASS" signature="delete_tenant()[pri:4, instance:TS_Tenants.TC_Add_Arrays_to_Tenant@55d56113]" name="delete_tenant" duration-ms="640" started-at="2019-02-20T01:47:41Z" finished-at="2019-02-20T01:47:42Z">
          <reporter-output>
          </reporter-output>
        </test-method> <!-- delete_tenant -->
      </class> <!-- TS_Tenants.TC_Add_Arrays_to_Tenant -->
    </test> <!-- TC_Add_Arrays_to_Tenant -->
    <test name="TC_Get_Current_Tenant" duration-ms="530" started-at="2019-02-20T01:47:42Z" finished-at="2019-02-20T01:47:43Z">
      <class name="TS_Tenants.TC_Get_Current_Tenant">
        <test-method status="PASS" signature="initialize_all_variables()[pri:0, instance:TS_Tenants.TC_Get_Current_Tenant@60c6f5b]" name="initialize_all_variables" is-config="true" duration-ms="3898" started-at="2019-02-20T01:47:29Z" finished-at="2019-02-20T01:47:33Z">
          <reporter-output>
          </reporter-output>
        </test-method> <!-- initialize_all_variables -->
        <test-method status="PASS" signature="verify_get_current_tenant_api()[pri:0, instance:TS_Tenants.TC_Get_Current_Tenant@60c6f5b]" name="verify_get_current_tenant_api" duration-ms="527" started-at="2019-02-20T01:47:42Z" finished-at="2019-02-20T01:47:43Z">
          <reporter-output>
          </reporter-output>
        </test-method> <!-- verify_get_current_tenant_api -->
      </class> <!-- TS_Tenants.TC_Get_Current_Tenant -->
    </test> <!-- TC_Get_Current_Tenant -->
  </suite> <!-- TS_Tenants -->
  <suite name="XMSC API Test suites" duration-ms="0" started-at="2019-02-20T01:47:52Z" finished-at="2019-02-20T01:47:52Z">
    <groups>
    </groups>
  </suite> <!-- XMSC API Test suites -->
  <suite name="TS_Users" duration-ms="8425" started-at="2019-02-20T01:47:43Z" finished-at="2019-02-20T01:47:52Z">
    <groups>
    </groups>
    <test name="TC_Add_Tenant" duration-ms="3259" started-at="2019-02-20T01:47:43Z" finished-at="2019-02-20T01:47:46Z">
      <class name="TS_Users.TC_Add_Tenant">
        <test-method status="PASS" signature="add_tenant()[pri:1, instance:TS_Users.TC_Add_Tenant@3327bd23]" name="add_tenant" duration-ms="2632" started-at="2019-02-20T01:47:43Z" finished-at="2019-02-20T01:47:46Z">
          <reporter-output>
          </reporter-output>
        </test-method> <!-- add_tenant -->
        <test-method status="PASS" signature="delete_tenant()[pri:2, instance:TS_Users.TC_Add_Tenant@3327bd23]" name="delete_tenant" duration-ms="623" started-at="2019-02-20T01:47:46Z" finished-at="2019-02-20T01:47:46Z">
          <reporter-output>
          </reporter-output>
        </test-method> <!-- delete_tenant -->
      </class> <!-- TS_Users.TC_Add_Tenant -->
    </test> <!-- TC_Add_Tenant -->
    <test name="TC_Add_Arrays_to_Tenant" duration-ms="4536" started-at="2019-02-20T01:47:47Z" finished-at="2019-02-20T01:47:51Z">
      <class name="TS_Users.TC_Add_Arrays_to_Tenant">
        <test-method status="PASS" signature="add_tenant()[pri:1, instance:TS_Users.TC_Add_Arrays_to_Tenant@2ac273d3]" name="add_tenant" duration-ms="2734" started-at="2019-02-20T01:47:47Z" finished-at="2019-02-20T01:47:49Z">
          <reporter-output>
          </reporter-output>
        </test-method> <!-- add_tenant -->
        <test-method status="PASS" signature="verify_add_Arrays_To_Tenant()[pri:2, instance:TS_Users.TC_Add_Arrays_to_Tenant@2ac273d3]" name="verify_add_Arrays_To_Tenant" duration-ms="540" started-at="2019-02-20T01:47:49Z" finished-at="2019-02-20T01:47:50Z">
          <reporter-output>
          </reporter-output>
        </test-method> <!-- verify_add_Arrays_To_Tenant -->
        <test-method status="PASS" signature="delete_array_for_tenant()[pri:3, instance:TS_Users.TC_Add_Arrays_to_Tenant@2ac273d3]" name="delete_array_for_tenant" duration-ms="655" started-at="2019-02-20T01:47:50Z" finished-at="2019-02-20T01:47:50Z">
          <reporter-output>
          </reporter-output>
        </test-method> <!-- delete_array_for_tenant -->
        <test-method status="PASS" signature="delete_tenant()[pri:4, instance:TS_Users.TC_Add_Arrays_to_Tenant@2ac273d3]" name="delete_tenant" duration-ms="599" started-at="2019-02-20T01:47:50Z" finished-at="2019-02-20T01:47:51Z">
          <reporter-output>
          </reporter-output>
        </test-method> <!-- delete_tenant -->
      </class> <!-- TS_Users.TC_Add_Arrays_to_Tenant -->
    </test> <!-- TC_Add_Arrays_to_Tenant -->
    <test name="TC_Get_Current_Tenant" duration-ms="546" started-at="2019-02-20T01:47:51Z" finished-at="2019-02-20T01:47:52Z">
      <class name="TS_Users.TC_Get_Current_Tenant">
        <test-method status="PASS" signature="initialize_all_variables()[pri:0, instance:TS_Users.TC_Get_Current_Tenant@4e9ba398]" name="initialize_all_variables" is-config="true" duration-ms="612" started-at="2019-02-20T01:47:43Z" finished-at="2019-02-20T01:47:43Z">
          <reporter-output>
          </reporter-output>
        </test-method> <!-- initialize_all_variables -->
        <test-method status="PASS" signature="verify_get_current_tenant_api()[pri:0, instance:TS_Users.TC_Get_Current_Tenant@4e9ba398]" name="verify_get_current_tenant_api" duration-ms="543" started-at="2019-02-20T01:47:51Z" finished-at="2019-02-20T01:47:52Z">
          <reporter-output>
          </reporter-output>
        </test-method> <!-- verify_get_current_tenant_api -->
      </class> <!-- TS_Users.TC_Get_Current_Tenant -->
    </test> <!-- TC_Get_Current_Tenant -->
  </suite> <!-- TS_Users -->
</testng-results>
